INFO    : PreTeXt project found in `C:\Users\cory.g.wilson\Dropbox\school\occc\stats-study-guide`.
INFO    : Since no build target was supplied, the first target of the project.ptx manifest (web) will be built.

INFO    : No change in assets requiring generating detected.  To force regeneration of assets, use `-g` flag.

INFO    : Preparing to build into C:\Users\cory.g.wilson\Dropbox\school\occc\stats-study-guide\output\web.
INFO    : 
Now building HTML into C:\Users\cory.g.wilson\Dropbox\school\occc\stats-study-guide\output\web

INFO    : discovering source file's directory name: C:\Users\cory.g.wilson\Dropbox\school\occc\stats-study-guide\source
INFO    : verifying and expanding input directory: C:\Users\cory.g.wilson\Dropbox\school\occc\stats-study-guide\source\../generated-assets
INFO    : input directory expanded to absolute path: C:\Users\cory.g.wilson\Dropbox\school\occc\stats-study-guide\generated-assets
INFO    : verifying and expanding input directory: C:\Users\cory.g.wilson\Dropbox\school\occc\stats-study-guide\source\../assets
INFO    : input directory expanded to absolute path: C:\Users\cory.g.wilson\Dropbox\school\occc\stats-study-guide\assets
INFO    : Runestone Services (via PreTeXt repository): version 6.5.0
INFO    : Runestone Services (using newer, via online CDN query): version 7.2.8
INFO    : converting C:\Users\cory.g.wilson\Dropbox\school\occc\stats-study-guide\source\main.ptx to HTML in C:\Users\CORYG~1.WIL\AppData\Local\Temp\tmpap3yvb_u
INFO    : XSL conversion of C:\Users\cory.g.wilson\Dropbox\school\occc\stats-study-guide\source\main.ptx by C:\Users\cory.g.wilson\.ptx\xsl\pretext-html.xsl
INFO    : comprehensive messages, warnings, and errors:
INFO    : successful application of C:\Users\cory.g.wilson\.ptx\xsl\pretext-html.xsl
INFO    : Removing temporary directory C:\Users\CORYG~1.WIL\AppData\Local\Temp\tmpap3yvb_u
INFO    : 
Success! Run `pretext view web` to see the results.

